<?xml version="1.0" encoding="UTF-8"?>
<!-- Generated by org.testng.reporters.JUnitXMLReporter -->
<testsuite ignored="0" hostname="KENN" failures="1" tests="3" name="Surefire test" time="224.785" errors="0" timestamp="2024-04-30T14:37:10 MMT">
  <testcase classname="io.cucumber.testng.AbstractTestNGCucumberTests" name="runScenario" time="112.015">
    <failure type="java.lang.AssertionError" message="expected [Incorrect email or password.] but found [Incorrect email password.]">
      <![CDATA[java.lang.AssertionError: expected [Incorrect email or password.] but found [Incorrect email password.]
at KENNCompany.stepDefinitions.StepDefinitionImpl.message_displayed(StepDefinitionImpl.java:74)
at âœ½."Incorrect email password." message is displayed(file:///D:/Selenium_Workspace/SeleniumFrameworkDesign2/src/test/java/cucumber/ErrorValidation.feature:12)
... Removed 6 stack frames]]>
    </failure>
  </testcase> <!-- runScenario -->
  <testcase classname="io.cucumber.testng.AbstractTestNGCucumberTests" name="runScenario" time="51.183"/>
  <testcase classname="io.cucumber.testng.AbstractTestNGCucumberTests" name="runScenario" time="61.182"/>
</testsuite> <!-- Surefire test -->
