<?xml version="1.0" encoding="UTF-8"?>
<!-- Generated by org.testng.reporters.JUnitXMLReporter -->
<testsuite ignored="0" hostname="KENN" failures="1" tests="3" name="Error Validation Test" time="19.919" errors="0" timestamp="2024-04-26T09:14:39 MMT">
  <testcase classname="KENNCompany.tests.ErrorValidation" name="LoginErrorValidation" time="1.0">
    <skipped/>
  </testcase> <!-- LoginErrorValidation -->
  <testcase classname="KENNCompany.tests.ErrorValidation" name="LoginErrorValidation" time="0.976">
    <failure type="java.lang.AssertionError" message="expected [Incorrect email or password.] but found [Incorrect email password.]">
      <![CDATA[java.lang.AssertionError: expected [Incorrect email or password.] but found [Incorrect email password.]
at KENNCompany.tests.ErrorValidation.LoginErrorValidation(ErrorValidation.java:36)
at java.base/java.util.ArrayList.forEach(ArrayList.java:1596)
at java.base/java.util.concurrent.FutureTask.run(FutureTask.java:317)
at java.base/java.util.concurrent.ThreadPoolExecutor.runWorker(ThreadPoolExecutor.java:1144)
at java.base/java.util.concurrent.ThreadPoolExecutor$Worker.run(ThreadPoolExecutor.java:642)
at java.base/java.lang.Thread.run(Thread.java:1583)
... Removed 21 stack frames]]>
    </failure>
  </testcase> <!-- LoginErrorValidation -->
  <testcase classname="KENNCompany.tests.ErrorValidation" name="ProductErrorValidation" time="2.966"/>
</testsuite> <!-- Error Validation Test -->
