<?xml version="1.0" encoding="UTF-8"?>
<!-- Generated by org.testng.reporters.JUnitReportReporter -->
<testsuite hostname="KENN" failures="1" tests="3" name="cucumber.TestNGTestRunner" time="224.380" errors="0" timestamp="2024-04-30T14:37:10 MMT" skipped="0">
  <testcase classname="cucumber.TestNGTestRunner" name="runScenario" time="51.183"/>
  <testcase classname="cucumber.TestNGTestRunner" name="runScenario" time="112.015">
    <failure message="expected [Incorrect email or password.] but found [Incorrect email password.]" type="java.lang.AssertionError">
      <![CDATA[java.lang.AssertionError: expected [Incorrect email or password.] but found [Incorrect email password.]
at org.testng.Assert.fail(Assert.java:111)
at org.testng.Assert.failNotEquals(Assert.java:1578)
at org.testng.Assert.assertEqualsImpl(Assert.java:150)
at org.testng.Assert.assertEquals(Assert.java:132)
at org.testng.Assert.assertEquals(Assert.java:656)
at org.testng.Assert.assertEquals(Assert.java:666)
at KENNCompany.stepDefinitions.StepDefinitionImpl.message_displayed(StepDefinitionImpl.java:74)
at âœ½."Incorrect email password." message is displayed(file:///D:/Selenium_Workspace/SeleniumFrameworkDesign2/src/test/java/cucumber/ErrorValidation.feature:12)
]]>
    </failure>
  </testcase> <!-- runScenario -->
  <testcase classname="cucumber.TestNGTestRunner" name="runScenario" time="61.182"/>
</testsuite> <!-- cucumber.TestNGTestRunner -->
